<?xml version="1.0" encoding="UTF-8"?>
<testng-results ignored="0" total="8" passed="8" failed="0" skipped="0">
  <reporter-output>
  </reporter-output>
  <suite started-at="2021-12-17T12:36:30 IST" name="Default suite" finished-at="2021-12-17T12:36:30 IST" duration-ms="58">
    <groups>
    </groups>
    <test started-at="2021-12-17T12:36:30 IST" name="Default test" finished-at="2021-12-17T12:36:30 IST" duration-ms="58">
      <class name="testcalculator">
        <test-method is-config="true" signature="init()[pri:0, instance:testcalculator@120f102b]" started-at="2021-12-17T12:36:30 IST" name="init" finished-at="2021-12-17T12:36:30 IST" duration-ms="6" status="PASS">
          <reporter-output>
          </reporter-output>
        </test-method> <!-- init -->
        <test-method signature="testEmptyString()[pri:0, instance:testcalculator@120f102b]" started-at="2021-12-17T12:36:30 IST" name="testEmptyString" finished-at="2021-12-17T12:36:30 IST" duration-ms="8" status="PASS">
          <reporter-output>
          </reporter-output>
        </test-method> <!-- testEmptyString -->
        <test-method signature="testNegativeNumver()[pri:0, instance:testcalculator@120f102b]" started-at="2021-12-17T12:36:30 IST" name="testNegativeNumver" finished-at="2021-12-17T12:36:30 IST" duration-ms="2" status="PASS">
          <reporter-output>
          </reporter-output>
        </test-method> <!-- testNegativeNumver -->
        <test-method signature="testNewLine()[pri:0, instance:testcalculator@120f102b]" started-at="2021-12-17T12:36:30 IST" name="testNewLine" finished-at="2021-12-17T12:36:30 IST" duration-ms="1" status="PASS">
          <reporter-output>
          </reporter-output>
        </test-method> <!-- testNewLine -->
        <test-method signature="testOneNumber()[pri:0, instance:testcalculator@120f102b]" started-at="2021-12-17T12:36:30 IST" name="testOneNumber" finished-at="2021-12-17T12:36:30 IST" duration-ms="1" status="PASS">
          <reporter-output>
          </reporter-output>
        </test-method> <!-- testOneNumber -->
        <test-method signature="testOtherDelimiter()[pri:0, instance:testcalculator@120f102b]" started-at="2021-12-17T12:36:30 IST" name="testOtherDelimiter" finished-at="2021-12-17T12:36:30 IST" duration-ms="1" status="PASS">
          <reporter-output>
          </reporter-output>
        </test-method> <!-- testOtherDelimiter -->
        <test-method signature="testOverThousand()[pri:0, instance:testcalculator@120f102b]" started-at="2021-12-17T12:36:30 IST" name="testOverThousand" finished-at="2021-12-17T12:36:30 IST" duration-ms="1" status="PASS">
          <reporter-output>
          </reporter-output>
        </test-method> <!-- testOverThousand -->
        <test-method signature="testTwoNumbers()[pri:0, instance:testcalculator@120f102b]" started-at="2021-12-17T12:36:30 IST" name="testTwoNumbers" finished-at="2021-12-17T12:36:30 IST" duration-ms="2" status="PASS">
          <reporter-output>
          </reporter-output>
        </test-method> <!-- testTwoNumbers -->
        <test-method signature="testUnknowamountNumbers()[pri:0, instance:testcalculator@120f102b]" started-at="2021-12-17T12:36:30 IST" name="testUnknowamountNumbers" finished-at="2021-12-17T12:36:30 IST" duration-ms="2" status="PASS">
          <reporter-output>
          </reporter-output>
        </test-method> <!-- testUnknowamountNumbers -->
      </class> <!-- testcalculator -->
    </test> <!-- Default test -->
  </suite> <!-- Default suite -->
</testng-results>
